生成启动时间为 2020/4/12 16:36:14。
     1>项目“C:\Users\mrzhang\Documents\Visual Studio 2010\Projects\c程序\c程序\c程序.vcxproj”在节点 2 上(rebuild 个目标)。
     1>_PrepareForClean:
         正在删除文件“Debug\c程序.lastbuildstate”。
       InitializeBuildStatus:
         正在创建“Debug\c程序.unsuccessfulbuild”，因为已指定“AlwaysCreate”。
       ClCompile:
         C:\Program Files (x86)\Microsoft Visual Studio 10.0\VC\bin\CL.exe /c /ZI /nologo /W3 /WX- /Od /Oy- /D WIN32 /D _DEBUG /D _CONSOLE /D _UNICODE /D UNICODE /Gm /EHsc /RTC1 /MDd /GS /fp:precise /Zc:wchar_t /Zc:forScope /Fo"Debug\\" /Fd"Debug\vc100.pdb" /Gd /TC /analyze- /errorReport:prompt break.c calloc.c continue.c "do-while循环.c" enum.c "float输入.c" for.c "for循环的灵活性.c" free.c free1.c getchar.c goto.c "go跳出多层循环.c" "ifelse条件重复.c" "ifelse注意点.c" "if注意点.c" "if表达式.c" "int深入.c" "int类型变量.c" main.c mallo.c mallo1.c "malloc一维数组指针.c" "malloc二维数组指针.c" "malloc注意点.c" printf.c realloc.c "return返回多个数值.c" scanf.c scanf_s.c "scanf_s字符串的输入.c" scanf_test.c size_t.c "switch-case.c" "switch注意点.c" "switch表示范围.c" test32or64.c typedef.c while.c "一维数组与指针.c" "一维数组作为参数.c" "一维数组的空间的申请和释放.c" "中文与字符.c" "二级指针.c" "二级指针的使用.c" "二级指针的具体操作.c" "二维数组.c" "二维数组作为参数.c" "二维数组和指针.c" "二维数组的地址.c" "什么是字符串.c" "其他整形.c" "其他自便运算符.c" "内存管理.c" "函数.c" "函数修改指针变量.c" "函数地址类型.c" "函数申明.c" "参数个数不确定的函数.c" "参数宏的定义.c" "可控循环3要素.c" "地址.c" "基本数据类型的指针.c" "基本类型的内存空间的申请和释放.c" "声明一个结构体类型.c" "多行输入.c" "大小写之间的转换.c" "头文件.c" "字符.c" "字符char.c" "字符串操作函数.c" "字符串数组和二维字符数组.c" "字符串的声明方式.c" "字符串的拼接.c" "字符串的输入.c" "字符数组.c" "字符数组和字符串.c" "字符数组的输出.c" "字符的深入理解.c" "宏定义.c" "宏的注意点.c" "将字符串复制到字符数组中.c" "嵌套循环.c" "常用的字符串操作函数.c" "成绩评级系统.c" "拆分整数.c" "指针.c" "指针与数组的关系.c" "指针修改元素的内容.c" "指针成员和函数成员.c" "指针操作指向的空间.c" "指针数组.c" "指针数组拉链结构.c" "指针类型显式转换.c" "指针类型的转换操作.c" "指针类型的重定义.c" "指针给数组赋值.c" "指针遍历二维数组.c" "数组.c" "数组初始化.c" "数组复制.c" "数组指针.c" "数组最大值.c" "数组的地址.c" "整数.c" "斐波拉切数列.c" "无参数无返回值.c" "无参数有返回值.c" "无符号整形.c" "更改内存空间中的变量的数值.c" "有参数无返回值的函数.c" "有参数有返回值的函数.c" "条件的意义.c" "条件运算符.c" "枚举变量的声明和使用.c" "枚举类型的常量.c" "栈区大小.c" "栈溢出测试.c" "测试.c" "测试大小端存储-union.c" "测试大小端存储.c" "测试自加.c" "浮点型.c" "浮点型后缀.c" "浮点型数据区别.c" "浮点型的精度位.c" "深入指针和下标运算.c" "演示.c" "特殊定义的宏.c" "类型决定指针操作.c" "结构体函数成员.c" "结构体变量的声明和定义.c" "结构体嵌套.c" "结构体数组.c" "结构体的内存大小.c" "结构体访问成员.c" "联合的使用.c" "自减.c" "自增和自减.c" "自定义输出字符串函数.c" "表达式.c" "警告.c" "转义字符.c" "输入字符.c" "输入整形看scanf的原理.c" "运算符.c" "运算符补充.c" "递归函数.c" "通过函数修改外部的数值.c" "逻辑运算符的注意点.c" "非零.c"
         非零.c
         逻辑运算符的注意点.c
         通过函数修改外部的数值.c
         递归函数.c
         运算符补充.c
         运算符.c
         输入整形看scanf的原理.c
         输入字符.c
         转义字符.c
         警告.c
         表达式.c
         自定义输出字符串函数.c
         自增和自减.c
         自减.c
         联合的使用.c
         结构体访问成员.c
         结构体的内存大小.c
         结构体数组.c
         结构体嵌套.c
         结构体变量的声明和定义.c
         正在生成代码...
         正在编译...
         结构体函数成员.c
         类型决定指针操作.c
         特殊定义的宏.c
         演示.c
         深入指针和下标运算.c
         浮点型的精度位.c
         浮点型数据区别.c
         浮点型后缀.c
         浮点型.c
         测试自加.c
         测试大小端存储.c
         测试大小端存储-union.c
         测试.c
         栈溢出测试.c
         栈区大小.c
         枚举类型的常量.c
         枚举变量的声明和使用.c
         条件运算符.c
         条件的意义.c
         有参数有返回值的函数.c
         正在生成代码...
         正在编译...
         有参数无返回值的函数.c
         更改内存空间中的变量的数值.c
         无符号整形.c
         无参数有返回值.c
         无参数无返回值.c
         斐波拉切数列.c
         整数.c
         数组的地址.c
         数组最大值.c
         数组指针.c
         数组复制.c
         数组初始化.c
         数组.c
         指针遍历二维数组.c
         指针给数组赋值.c
         指针类型的重定义.c
         指针类型的转换操作.c
         指针类型显式转换.c
         指针数组拉链结构.c
         指针数组.c
         正在生成代码...
         正在编译...
         指针操作指向的空间.c
         指针成员和函数成员.c
         指针修改元素的内容.c
         指针与数组的关系.c
         指针.c
         拆分整数.c
         成绩评级系统.c
         常用的字符串操作函数.c
         嵌套循环.c
         将字符串复制到字符数组中.c
         宏的注意点.c
         宏定义.c
         字符的深入理解.c
         字符数组的输出.c
         字符数组和字符串.c
         字符数组.c
         字符串的输入.c
         字符串的拼接.c
         字符串的声明方式.c
         字符串数组和二维字符数组.c
         正在生成代码...
         正在编译...
         字符串操作函数.c
         字符char.c
         字符.c
         头文件.c
         大小写之间的转换.c
         多行输入.c
         声明一个结构体类型.c
         基本类型的内存空间的申请和释放.c
         基本数据类型的指针.c
         地址.c
         可控循环3要素.c
         参数宏的定义.c
         参数个数不确定的函数.c
         函数申明.c
         函数地址类型.c
         函数修改指针变量.c
         函数.c
         内存管理.c
         其他自便运算符.c
         其他整形.c
         正在生成代码...
         正在编译...
         什么是字符串.c
         二维数组的地址.c
         二维数组和指针.c
         二维数组作为参数.c
         二维数组.c
         二级指针的具体操作.c
         二级指针的使用.c
         二级指针.c
         中文与字符.c
         一维数组的空间的申请和释放.c
         一维数组作为参数.c
         一维数组与指针.c
         while.c
         typedef.c
         test32or64.c
         switch表示范围.c
         switch注意点.c
         switch-case.c
         size_t.c
         scanf_test.c
         正在生成代码...
         正在编译...
         scanf_s字符串的输入.c
         scanf_s.c
         scanf.c
         return返回多个数值.c
         realloc.c
         printf.c
         malloc注意点.c
         malloc二维数组指针.c
         malloc一维数组指针.c
         mallo1.c
         mallo.c
         main.c
         int类型变量.c
         int深入.c
         if表达式.c
         if注意点.c
         ifelse注意点.c
         ifelse条件重复.c
         go跳出多层循环.c
         goto.c
         正在生成代码...
         正在编译...
         getchar.c
         free1.c
         free.c
         for循环的灵活性.c
         for.c
         float输入.c
         enum.c
         do-while循环.c
         continue.c
         calloc.c
         break.c
         正在生成代码...
         C:\Program Files (x86)\Microsoft Visual Studio 10.0\VC\bin\CL.exe /c /ZI /nologo /W3 /WX- /Od /Oy- /D WIN32 /D _DEBUG /D _CONSOLE /D _UNICODE /D UNICODE /Gm /EHsc /RTC1 /MDd /GS /fp:precise /Zc:wchar_t /Zc:forScope /Fo"Debug\\" /Fd"Debug\vc100.pdb" /Gd /TP /analyze- /errorReport:prompt "类型决定指针操作1.cpp"
         类型决定指针操作1.cpp
       ManifestResourceCompile:
         C:\Program Files (x86)\Microsoft SDKs\Windows\v7.0A\bin\rc.exe /nologo /fo"Debug\c程序.exe.embed.manifest.res" "Debug\c程序_manifest.rc" 
       Link:
         C:\Program Files (x86)\Microsoft Visual Studio 10.0\VC\bin\link.exe /ERRORREPORT:PROMPT /OUT:"C:\Users\mrzhang\Documents\Visual Studio 2010\Projects\c程序\Debug\c程序.exe" /INCREMENTAL /NOLOGO kernel32.lib user32.lib gdi32.lib winspool.lib comdlg32.lib advapi32.lib shell32.lib ole32.lib oleaut32.lib uuid.lib odbc32.lib odbccp32.lib /MANIFEST /ManifestFile:"Debug\c程序.exe.intermediate.manifest" /MANIFESTUAC:"level='asInvoker' uiAccess='false'" /DEBUG /PDB:"C:\Users\mrzhang\Documents\Visual Studio 2010\Projects\c程序\Debug\c程序.pdb" /SUBSYSTEM:CONSOLE /TLBID:1 /DYNAMICBASE /NXCOMPAT /IMPLIB:"C:\Users\mrzhang\Documents\Visual Studio 2010\Projects\c程序\Debug\c程序.lib" /MACHINE:X86 "Debug\c程序.exe.embed.manifest.res"
         Debug\break.obj
         Debug\calloc.obj
         Debug\continue.obj
         "Debug\do-while循环.obj"
         Debug\enum.obj
         "Debug\float输入.obj"
         Debug\for.obj
         "Debug\for循环的灵活性.obj"
         Debug\free.obj
         Debug\free1.obj
         Debug\getchar.obj
         Debug\goto.obj
         "Debug\go跳出多层循环.obj"
         "Debug\ifelse条件重复.obj"
         "Debug\ifelse注意点.obj"
         "Debug\if注意点.obj"
         "Debug\if表达式.obj"
         "Debug\int深入.obj"
         "Debug\int类型变量.obj"
         Debug\main.obj
         Debug\mallo.obj
         Debug\mallo1.obj
         "Debug\malloc一维数组指针.obj"
         "Debug\malloc二维数组指针.obj"
         "Debug\malloc注意点.obj"
         Debug\printf.obj
         Debug\realloc.obj
         "Debug\return返回多个数值.obj"
         Debug\scanf.obj
         Debug\scanf_s.obj
         "Debug\scanf_s字符串的输入.obj"
         Debug\scanf_test.obj
         Debug\size_t.obj
         "Debug\switch-case.obj"
         "Debug\switch注意点.obj"
         "Debug\switch表示范围.obj"
         Debug\test32or64.obj
         Debug\typedef.obj
         Debug\while.obj
         "Debug\一维数组与指针.obj"
         "Debug\一维数组作为参数.obj"
         "Debug\一维数组的空间的申请和释放.obj"
         "Debug\中文与字符.obj"
         "Debug\二级指针.obj"
         "Debug\二级指针的使用.obj"
         "Debug\二级指针的具体操作.obj"
         "Debug\二维数组.obj"
         "Debug\二维数组作为参数.obj"
         "Debug\二维数组和指针.obj"
         "Debug\二维数组的地址.obj"
         "Debug\什么是字符串.obj"
         "Debug\其他整形.obj"
         "Debug\其他自便运算符.obj"
         "Debug\内存管理.obj"
         "Debug\函数.obj"
         "Debug\函数修改指针变量.obj"
         "Debug\函数地址类型.obj"
         "Debug\函数申明.obj"
         "Debug\参数个数不确定的函数.obj"
         "Debug\参数宏的定义.obj"
         "Debug\可控循环3要素.obj"
         "Debug\地址.obj"
         "Debug\基本数据类型的指针.obj"
         "Debug\基本类型的内存空间的申请和释放.obj"
         "Debug\声明一个结构体类型.obj"
         "Debug\多行输入.obj"
         "Debug\大小写之间的转换.obj"
         "Debug\头文件.obj"
         "Debug\字符.obj"
         "Debug\字符char.obj"
         "Debug\字符串操作函数.obj"
         "Debug\字符串数组和二维字符数组.obj"
         "Debug\字符串的声明方式.obj"
         "Debug\字符串的拼接.obj"
         "Debug\字符串的输入.obj"
         "Debug\字符数组.obj"
         "Debug\字符数组和字符串.obj"
         "Debug\字符数组的输出.obj"
         "Debug\字符的深入理解.obj"
         "Debug\宏定义.obj"
         "Debug\宏的注意点.obj"
         "Debug\将字符串复制到字符数组中.obj"
         "Debug\嵌套循环.obj"
         "Debug\常用的字符串操作函数.obj"
         "Debug\成绩评级系统.obj"
         "Debug\拆分整数.obj"
         "Debug\指针.obj"
         "Debug\指针与数组的关系.obj"
         "Debug\指针修改元素的内容.obj"
         "Debug\指针成员和函数成员.obj"
         "Debug\指针操作指向的空间.obj"
         "Debug\指针数组.obj"
         "Debug\指针数组拉链结构.obj"
         "Debug\指针类型显式转换.obj"
         "Debug\指针类型的转换操作.obj"
         "Debug\指针类型的重定义.obj"
         "Debug\指针给数组赋值.obj"
         "Debug\指针遍历二维数组.obj"
         "Debug\数组.obj"
         "Debug\数组初始化.obj"
         "Debug\数组复制.obj"
         "Debug\数组指针.obj"
         "Debug\数组最大值.obj"
         "Debug\数组的地址.obj"
         "Debug\整数.obj"
         "Debug\斐波拉切数列.obj"
         "Debug\无参数无返回值.obj"
         "Debug\无参数有返回值.obj"
         "Debug\无符号整形.obj"
         "Debug\更改内存空间中的变量的数值.obj"
         "Debug\有参数无返回值的函数.obj"
         "Debug\有参数有返回值的函数.obj"
         "Debug\条件的意义.obj"
         "Debug\条件运算符.obj"
         "Debug\枚举变量的声明和使用.obj"
         "Debug\枚举类型的常量.obj"
         "Debug\栈区大小.obj"
         "Debug\栈溢出测试.obj"
         "Debug\测试.obj"
         "Debug\测试大小端存储-union.obj"
         "Debug\测试大小端存储.obj"
         "Debug\测试自加.obj"
         "Debug\浮点型.obj"
         "Debug\浮点型后缀.obj"
         "Debug\浮点型数据区别.obj"
         "Debug\浮点型的精度位.obj"
         "Debug\深入指针和下标运算.obj"
         "Debug\演示.obj"
         "Debug\特殊定义的宏.obj"
         "Debug\类型决定指针操作.obj"
         "Debug\类型决定指针操作1.obj"
         "Debug\结构体函数成员.obj"
         "Debug\结构体变量的声明和定义.obj"
         "Debug\结构体嵌套.obj"
         "Debug\结构体数组.obj"
         "Debug\结构体的内存大小.obj"
         "Debug\结构体访问成员.obj"
         "Debug\联合的使用.obj"
         "Debug\自减.obj"
         "Debug\自增和自减.obj"
         "Debug\自定义输出字符串函数.obj"
         "Debug\表达式.obj"
         "Debug\警告.obj"
         "Debug\转义字符.obj"
         "Debug\输入字符.obj"
         "Debug\输入整形看scanf的原理.obj"
         "Debug\运算符.obj"
         "Debug\运算符补充.obj"
         "Debug\递归函数.obj"
         "Debug\通过函数修改外部的数值.obj"
         "Debug\逻辑运算符的注意点.obj"
         "Debug\非零.obj"
       Manifest:
         正在删除文件“Debug\c程序.exe.embed.manifest”。
         C:\Program Files (x86)\Microsoft SDKs\Windows\v7.0A\bin\mt.exe /nologo /verbose /out:"Debug\c程序.exe.embed.manifest" /manifest "Debug\c程序.exe.intermediate.manifest"
         C:\Program Files (x86)\Microsoft SDKs\Windows\v7.0A\bin\rc.exe /nologo /fo"Debug\c程序.exe.embed.manifest.res" "Debug\c程序_manifest.rc" 
       LinkEmbedManifest:
         C:\Program Files (x86)\Microsoft Visual Studio 10.0\VC\bin\link.exe /ERRORREPORT:PROMPT /OUT:"C:\Users\mrzhang\Documents\Visual Studio 2010\Projects\c程序\Debug\c程序.exe" /INCREMENTAL /NOLOGO kernel32.lib user32.lib gdi32.lib winspool.lib comdlg32.lib advapi32.lib shell32.lib ole32.lib oleaut32.lib uuid.lib odbc32.lib odbccp32.lib /MANIFEST /ManifestFile:"Debug\c程序.exe.intermediate.manifest" /MANIFESTUAC:"level='asInvoker' uiAccess='false'" /DEBUG /PDB:"C:\Users\mrzhang\Documents\Visual Studio 2010\Projects\c程序\Debug\c程序.pdb" /SUBSYSTEM:CONSOLE /TLBID:1 /DYNAMICBASE /NXCOMPAT /IMPLIB:"C:\Users\mrzhang\Documents\Visual Studio 2010\Projects\c程序\Debug\c程序.lib" /MACHINE:X86 "Debug\c程序.exe.embed.manifest.res"
         Debug\break.obj
         Debug\calloc.obj
         Debug\continue.obj
         "Debug\do-while循环.obj"
         Debug\enum.obj
         "Debug\float输入.obj"
         Debug\for.obj
         "Debug\for循环的灵活性.obj"
         Debug\free.obj
         Debug\free1.obj
         Debug\getchar.obj
         Debug\goto.obj
         "Debug\go跳出多层循环.obj"
         "Debug\ifelse条件重复.obj"
         "Debug\ifelse注意点.obj"
         "Debug\if注意点.obj"
         "Debug\if表达式.obj"
         "Debug\int深入.obj"
         "Debug\int类型变量.obj"
         Debug\main.obj
         Debug\mallo.obj
         Debug\mallo1.obj
         "Debug\malloc一维数组指针.obj"
         "Debug\malloc二维数组指针.obj"
         "Debug\malloc注意点.obj"
         Debug\printf.obj
         Debug\realloc.obj
         "Debug\return返回多个数值.obj"
         Debug\scanf.obj
         Debug\scanf_s.obj
         "Debug\scanf_s字符串的输入.obj"
         Debug\scanf_test.obj
         Debug\size_t.obj
         "Debug\switch-case.obj"
         "Debug\switch注意点.obj"
         "Debug\switch表示范围.obj"
         Debug\test32or64.obj
         Debug\typedef.obj
         Debug\while.obj
         "Debug\一维数组与指针.obj"
         "Debug\一维数组作为参数.obj"
         "Debug\一维数组的空间的申请和释放.obj"
         "Debug\中文与字符.obj"
         "Debug\二级指针.obj"
         "Debug\二级指针的使用.obj"
         "Debug\二级指针的具体操作.obj"
         "Debug\二维数组.obj"
         "Debug\二维数组作为参数.obj"
         "Debug\二维数组和指针.obj"
         "Debug\二维数组的地址.obj"
         "Debug\什么是字符串.obj"
         "Debug\其他整形.obj"
         "Debug\其他自便运算符.obj"
         "Debug\内存管理.obj"
         "Debug\函数.obj"
         "Debug\函数修改指针变量.obj"
         "Debug\函数地址类型.obj"
         "Debug\函数申明.obj"
         "Debug\参数个数不确定的函数.obj"
         "Debug\参数宏的定义.obj"
         "Debug\可控循环3要素.obj"
         "Debug\地址.obj"
         "Debug\基本数据类型的指针.obj"
         "Debug\基本类型的内存空间的申请和释放.obj"
         "Debug\声明一个结构体类型.obj"
         "Debug\多行输入.obj"
         "Debug\大小写之间的转换.obj"
         "Debug\头文件.obj"
         "Debug\字符.obj"
         "Debug\字符char.obj"
         "Debug\字符串操作函数.obj"
         "Debug\字符串数组和二维字符数组.obj"
         "Debug\字符串的声明方式.obj"
         "Debug\字符串的拼接.obj"
         "Debug\字符串的输入.obj"
         "Debug\字符数组.obj"
         "Debug\字符数组和字符串.obj"
         "Debug\字符数组的输出.obj"
         "Debug\字符的深入理解.obj"
         "Debug\宏定义.obj"
         "Debug\宏的注意点.obj"
         "Debug\将字符串复制到字符数组中.obj"
         "Debug\嵌套循环.obj"
         "Debug\常用的字符串操作函数.obj"
         "Debug\成绩评级系统.obj"
         "Debug\拆分整数.obj"
         "Debug\指针.obj"
         "Debug\指针与数组的关系.obj"
         "Debug\指针修改元素的内容.obj"
         "Debug\指针成员和函数成员.obj"
         "Debug\指针操作指向的空间.obj"
         "Debug\指针数组.obj"
         "Debug\指针数组拉链结构.obj"
         "Debug\指针类型显式转换.obj"
         "Debug\指针类型的转换操作.obj"
         "Debug\指针类型的重定义.obj"
         "Debug\指针给数组赋值.obj"
         "Debug\指针遍历二维数组.obj"
         "Debug\数组.obj"
         "Debug\数组初始化.obj"
         "Debug\数组复制.obj"
         "Debug\数组指针.obj"
         "Debug\数组最大值.obj"
         "Debug\数组的地址.obj"
         "Debug\整数.obj"
         "Debug\斐波拉切数列.obj"
         "Debug\无参数无返回值.obj"
         "Debug\无参数有返回值.obj"
         "Debug\无符号整形.obj"
         "Debug\更改内存空间中的变量的数值.obj"
         "Debug\有参数无返回值的函数.obj"
         "Debug\有参数有返回值的函数.obj"
         "Debug\条件的意义.obj"
         "Debug\条件运算符.obj"
         "Debug\枚举变量的声明和使用.obj"
         "Debug\枚举类型的常量.obj"
         "Debug\栈区大小.obj"
         "Debug\栈溢出测试.obj"
         "Debug\测试.obj"
         "Debug\测试大小端存储-union.obj"
         "Debug\测试大小端存储.obj"
         "Debug\测试自加.obj"
         "Debug\浮点型.obj"
         "Debug\浮点型后缀.obj"
         "Debug\浮点型数据区别.obj"
         "Debug\浮点型的精度位.obj"
         "Debug\深入指针和下标运算.obj"
         "Debug\演示.obj"
         "Debug\特殊定义的宏.obj"
         "Debug\类型决定指针操作.obj"
         "Debug\类型决定指针操作1.obj"
         "Debug\结构体函数成员.obj"
         "Debug\结构体变量的声明和定义.obj"
         "Debug\结构体嵌套.obj"
         "Debug\结构体数组.obj"
         "Debug\结构体的内存大小.obj"
         "Debug\结构体访问成员.obj"
         "Debug\联合的使用.obj"
         "Debug\自减.obj"
         "Debug\自增和自减.obj"
         "Debug\自定义输出字符串函数.obj"
         "Debug\表达式.obj"
         "Debug\警告.obj"
         "Debug\转义字符.obj"
         "Debug\输入字符.obj"
         "Debug\输入整形看scanf的原理.obj"
         "Debug\运算符.obj"
         "Debug\运算符补充.obj"
         "Debug\递归函数.obj"
         "Debug\通过函数修改外部的数值.obj"
         "Debug\逻辑运算符的注意点.obj"
         "Debug\非零.obj"
         c程序.vcxproj -> C:\Users\mrzhang\Documents\Visual Studio 2010\Projects\c程序\Debug\c程序.exe
       FinalizeBuildStatus:
         正在删除文件“Debug\c程序.unsuccessfulbuild”。
         正在对“Debug\c程序.lastbuildstate”执行 Touch 任务。
     1>已完成生成项目“C:\Users\mrzhang\Documents\Visual Studio 2010\Projects\c程序\c程序\c程序.vcxproj”(rebuild 个目标)的操作。

生成成功。

已用时间 00:00:04.24
