C:\USERS\MRZHANG\DOCUMENTS\VISUAL STUDIO 2010\PROJECTS\C程序\C程序\DEBUG\BREAK.OBJ
C:\USERS\MRZHANG\DOCUMENTS\VISUAL STUDIO 2010\PROJECTS\C程序\C程序\DEBUG\CALLOC.OBJ
C:\Users\mrzhang\Documents\Visual Studio 2010\Projects\c程序\c程序\Debug\cl.command.1.tlog
C:\Users\mrzhang\Documents\Visual Studio 2010\Projects\c程序\c程序\Debug\CL.read.1.tlog
C:\Users\mrzhang\Documents\Visual Studio 2010\Projects\c程序\c程序\Debug\CL.write.1.tlog
C:\USERS\MRZHANG\DOCUMENTS\VISUAL STUDIO 2010\PROJECTS\C程序\C程序\DEBUG\CONTINUE.OBJ
C:\USERS\MRZHANG\DOCUMENTS\VISUAL STUDIO 2010\PROJECTS\C程序\C程序\DEBUG\C程序.EXE.EMBED.MANIFEST
C:\USERS\MRZHANG\DOCUMENTS\VISUAL STUDIO 2010\PROJECTS\C程序\C程序\DEBUG\C程序.EXE.EMBED.MANIFEST.RES
C:\USERS\MRZHANG\DOCUMENTS\VISUAL STUDIO 2010\PROJECTS\C程序\C程序\DEBUG\C程序.EXE.INTERMEDIATE.MANIFEST
C:\Users\mrzhang\Documents\Visual Studio 2010\Projects\c程序\c程序\Debug\c程序.write.1.tlog
C:\Users\mrzhang\Documents\Visual Studio 2010\Projects\c程序\c程序\Debug\c程序_manifest.rc
C:\USERS\MRZHANG\DOCUMENTS\VISUAL STUDIO 2010\PROJECTS\C程序\C程序\DEBUG\DO-WHILE循环.OBJ
C:\USERS\MRZHANG\DOCUMENTS\VISUAL STUDIO 2010\PROJECTS\C程序\C程序\DEBUG\ENUM.OBJ
C:\USERS\MRZHANG\DOCUMENTS\VISUAL STUDIO 2010\PROJECTS\C程序\C程序\DEBUG\FLOAT输入.OBJ
C:\USERS\MRZHANG\DOCUMENTS\VISUAL STUDIO 2010\PROJECTS\C程序\C程序\DEBUG\FOR.OBJ
C:\USERS\MRZHANG\DOCUMENTS\VISUAL STUDIO 2010\PROJECTS\C程序\C程序\DEBUG\FOR循环的灵活性.OBJ
C:\USERS\MRZHANG\DOCUMENTS\VISUAL STUDIO 2010\PROJECTS\C程序\C程序\DEBUG\FREE.OBJ
C:\USERS\MRZHANG\DOCUMENTS\VISUAL STUDIO 2010\PROJECTS\C程序\C程序\DEBUG\FREE1.OBJ
C:\USERS\MRZHANG\DOCUMENTS\VISUAL STUDIO 2010\PROJECTS\C程序\C程序\DEBUG\GETCHAR.OBJ
C:\USERS\MRZHANG\DOCUMENTS\VISUAL STUDIO 2010\PROJECTS\C程序\C程序\DEBUG\GOTO.OBJ
C:\USERS\MRZHANG\DOCUMENTS\VISUAL STUDIO 2010\PROJECTS\C程序\C程序\DEBUG\GO跳出多层循环.OBJ
C:\USERS\MRZHANG\DOCUMENTS\VISUAL STUDIO 2010\PROJECTS\C程序\C程序\DEBUG\IFELSE条件重复.OBJ
C:\USERS\MRZHANG\DOCUMENTS\VISUAL STUDIO 2010\PROJECTS\C程序\C程序\DEBUG\IFELSE注意点.OBJ
C:\USERS\MRZHANG\DOCUMENTS\VISUAL STUDIO 2010\PROJECTS\C程序\C程序\DEBUG\IF表达式.OBJ
C:\USERS\MRZHANG\DOCUMENTS\VISUAL STUDIO 2010\PROJECTS\C程序\C程序\DEBUG\IF注意点.OBJ
C:\USERS\MRZHANG\DOCUMENTS\VISUAL STUDIO 2010\PROJECTS\C程序\C程序\DEBUG\INT类型变量.OBJ
C:\USERS\MRZHANG\DOCUMENTS\VISUAL STUDIO 2010\PROJECTS\C程序\C程序\DEBUG\INT深入.OBJ
C:\Users\mrzhang\Documents\Visual Studio 2010\Projects\c程序\c程序\Debug\link.2200.read.1.tlog
C:\Users\mrzhang\Documents\Visual Studio 2010\Projects\c程序\c程序\Debug\link.2200.write.1.tlog
C:\Users\mrzhang\Documents\Visual Studio 2010\Projects\c程序\c程序\Debug\link.2200-cvtres.read.1.tlog
C:\Users\mrzhang\Documents\Visual Studio 2010\Projects\c程序\c程序\Debug\link.2200-cvtres.write.1.tlog
C:\Users\mrzhang\Documents\Visual Studio 2010\Projects\c程序\c程序\Debug\link.command.1.tlog
C:\Users\mrzhang\Documents\Visual Studio 2010\Projects\c程序\c程序\Debug\link.read.1.tlog
C:\Users\mrzhang\Documents\Visual Studio 2010\Projects\c程序\c程序\Debug\link.write.1.tlog
C:\Users\mrzhang\Documents\Visual Studio 2010\Projects\c程序\c程序\Debug\link-cvtres.read.1.tlog
C:\Users\mrzhang\Documents\Visual Studio 2010\Projects\c程序\c程序\Debug\link-cvtres.write.1.tlog
C:\USERS\MRZHANG\DOCUMENTS\VISUAL STUDIO 2010\PROJECTS\C程序\C程序\DEBUG\MAIN.OBJ
C:\USERS\MRZHANG\DOCUMENTS\VISUAL STUDIO 2010\PROJECTS\C程序\C程序\DEBUG\MALLO.OBJ
C:\USERS\MRZHANG\DOCUMENTS\VISUAL STUDIO 2010\PROJECTS\C程序\C程序\DEBUG\MALLO1.OBJ
C:\USERS\MRZHANG\DOCUMENTS\VISUAL STUDIO 2010\PROJECTS\C程序\C程序\DEBUG\MALLOC二维数组指针.OBJ
C:\USERS\MRZHANG\DOCUMENTS\VISUAL STUDIO 2010\PROJECTS\C程序\C程序\DEBUG\MALLOC一维数组指针.OBJ
C:\USERS\MRZHANG\DOCUMENTS\VISUAL STUDIO 2010\PROJECTS\C程序\C程序\DEBUG\MALLOC注意点.OBJ
C:\Users\mrzhang\Documents\Visual Studio 2010\Projects\c程序\c程序\Debug\mt.command.1.tlog
C:\Users\mrzhang\Documents\Visual Studio 2010\Projects\c程序\c程序\Debug\mt.read.1.tlog
C:\Users\mrzhang\Documents\Visual Studio 2010\Projects\c程序\c程序\Debug\mt.write.1.tlog
C:\USERS\MRZHANG\DOCUMENTS\VISUAL STUDIO 2010\PROJECTS\C程序\C程序\DEBUG\PRINTF.OBJ
C:\Users\mrzhang\Documents\Visual Studio 2010\Projects\c程序\c程序\Debug\rc.command.1.tlog
C:\Users\mrzhang\Documents\Visual Studio 2010\Projects\c程序\c程序\Debug\rc.read.1.tlog
C:\Users\mrzhang\Documents\Visual Studio 2010\Projects\c程序\c程序\Debug\rc.write.1.tlog
C:\USERS\MRZHANG\DOCUMENTS\VISUAL STUDIO 2010\PROJECTS\C程序\C程序\DEBUG\REALLOC.OBJ
C:\USERS\MRZHANG\DOCUMENTS\VISUAL STUDIO 2010\PROJECTS\C程序\C程序\DEBUG\RETURN返回多个数值.OBJ
C:\USERS\MRZHANG\DOCUMENTS\VISUAL STUDIO 2010\PROJECTS\C程序\C程序\DEBUG\SCANF.OBJ
C:\USERS\MRZHANG\DOCUMENTS\VISUAL STUDIO 2010\PROJECTS\C程序\C程序\DEBUG\SCANF_S.OBJ
C:\USERS\MRZHANG\DOCUMENTS\VISUAL STUDIO 2010\PROJECTS\C程序\C程序\DEBUG\SCANF_S字符串的输入.OBJ
C:\USERS\MRZHANG\DOCUMENTS\VISUAL STUDIO 2010\PROJECTS\C程序\C程序\DEBUG\SCANF_TEST.OBJ
C:\USERS\MRZHANG\DOCUMENTS\VISUAL STUDIO 2010\PROJECTS\C程序\C程序\DEBUG\SIZE_T.OBJ
C:\USERS\MRZHANG\DOCUMENTS\VISUAL STUDIO 2010\PROJECTS\C程序\C程序\DEBUG\SWITCH-CASE.OBJ
C:\USERS\MRZHANG\DOCUMENTS\VISUAL STUDIO 2010\PROJECTS\C程序\C程序\DEBUG\SWITCH表示范围.OBJ
C:\USERS\MRZHANG\DOCUMENTS\VISUAL STUDIO 2010\PROJECTS\C程序\C程序\DEBUG\SWITCH注意点.OBJ
C:\USERS\MRZHANG\DOCUMENTS\VISUAL STUDIO 2010\PROJECTS\C程序\C程序\DEBUG\TEST32OR64.OBJ
C:\USERS\MRZHANG\DOCUMENTS\VISUAL STUDIO 2010\PROJECTS\C程序\C程序\DEBUG\TYPEDEF.OBJ
C:\Users\mrzhang\Documents\Visual Studio 2010\Projects\c程序\c程序\Debug\vc100.idb
C:\USERS\MRZHANG\DOCUMENTS\VISUAL STUDIO 2010\PROJECTS\C程序\C程序\DEBUG\VC100.PDB
C:\USERS\MRZHANG\DOCUMENTS\VISUAL STUDIO 2010\PROJECTS\C程序\C程序\DEBUG\WHILE.OBJ
C:\USERS\MRZHANG\DOCUMENTS\VISUAL STUDIO 2010\PROJECTS\C程序\C程序\DEBUG\表达式.OBJ
C:\USERS\MRZHANG\DOCUMENTS\VISUAL STUDIO 2010\PROJECTS\C程序\C程序\DEBUG\参数个数不确定的函数.OBJ
C:\USERS\MRZHANG\DOCUMENTS\VISUAL STUDIO 2010\PROJECTS\C程序\C程序\DEBUG\参数宏的定义.OBJ
C:\USERS\MRZHANG\DOCUMENTS\VISUAL STUDIO 2010\PROJECTS\C程序\C程序\DEBUG\测试.OBJ
C:\USERS\MRZHANG\DOCUMENTS\VISUAL STUDIO 2010\PROJECTS\C程序\C程序\DEBUG\测试大小端存储.OBJ
C:\USERS\MRZHANG\DOCUMENTS\VISUAL STUDIO 2010\PROJECTS\C程序\C程序\DEBUG\测试大小端存储-UNION.OBJ
C:\USERS\MRZHANG\DOCUMENTS\VISUAL STUDIO 2010\PROJECTS\C程序\C程序\DEBUG\测试自加.OBJ
C:\USERS\MRZHANG\DOCUMENTS\VISUAL STUDIO 2010\PROJECTS\C程序\C程序\DEBUG\拆分整数.OBJ
C:\USERS\MRZHANG\DOCUMENTS\VISUAL STUDIO 2010\PROJECTS\C程序\C程序\DEBUG\常用的字符串操作函数.OBJ
C:\USERS\MRZHANG\DOCUMENTS\VISUAL STUDIO 2010\PROJECTS\C程序\C程序\DEBUG\成绩评级系统.OBJ
C:\USERS\MRZHANG\DOCUMENTS\VISUAL STUDIO 2010\PROJECTS\C程序\C程序\DEBUG\大小写之间的转换.OBJ
C:\USERS\MRZHANG\DOCUMENTS\VISUAL STUDIO 2010\PROJECTS\C程序\C程序\DEBUG\地址.OBJ
C:\USERS\MRZHANG\DOCUMENTS\VISUAL STUDIO 2010\PROJECTS\C程序\C程序\DEBUG\递归函数.OBJ
C:\USERS\MRZHANG\DOCUMENTS\VISUAL STUDIO 2010\PROJECTS\C程序\C程序\DEBUG\多行输入.OBJ
C:\USERS\MRZHANG\DOCUMENTS\VISUAL STUDIO 2010\PROJECTS\C程序\C程序\DEBUG\二级指针.OBJ
C:\USERS\MRZHANG\DOCUMENTS\VISUAL STUDIO 2010\PROJECTS\C程序\C程序\DEBUG\二级指针的具体操作.OBJ
C:\USERS\MRZHANG\DOCUMENTS\VISUAL STUDIO 2010\PROJECTS\C程序\C程序\DEBUG\二级指针的使用.OBJ
C:\USERS\MRZHANG\DOCUMENTS\VISUAL STUDIO 2010\PROJECTS\C程序\C程序\DEBUG\二维数组.OBJ
C:\USERS\MRZHANG\DOCUMENTS\VISUAL STUDIO 2010\PROJECTS\C程序\C程序\DEBUG\二维数组的地址.OBJ
C:\USERS\MRZHANG\DOCUMENTS\VISUAL STUDIO 2010\PROJECTS\C程序\C程序\DEBUG\二维数组和指针.OBJ
C:\USERS\MRZHANG\DOCUMENTS\VISUAL STUDIO 2010\PROJECTS\C程序\C程序\DEBUG\二维数组作为参数.OBJ
C:\USERS\MRZHANG\DOCUMENTS\VISUAL STUDIO 2010\PROJECTS\C程序\C程序\DEBUG\非零.OBJ
C:\USERS\MRZHANG\DOCUMENTS\VISUAL STUDIO 2010\PROJECTS\C程序\C程序\DEBUG\斐波拉切数列.OBJ
C:\USERS\MRZHANG\DOCUMENTS\VISUAL STUDIO 2010\PROJECTS\C程序\C程序\DEBUG\浮点型.OBJ
C:\USERS\MRZHANG\DOCUMENTS\VISUAL STUDIO 2010\PROJECTS\C程序\C程序\DEBUG\浮点型的精度位.OBJ
C:\USERS\MRZHANG\DOCUMENTS\VISUAL STUDIO 2010\PROJECTS\C程序\C程序\DEBUG\浮点型后缀.OBJ
C:\USERS\MRZHANG\DOCUMENTS\VISUAL STUDIO 2010\PROJECTS\C程序\C程序\DEBUG\浮点型数据区别.OBJ
C:\USERS\MRZHANG\DOCUMENTS\VISUAL STUDIO 2010\PROJECTS\C程序\C程序\DEBUG\更改内存空间中的变量的数值.OBJ
C:\USERS\MRZHANG\DOCUMENTS\VISUAL STUDIO 2010\PROJECTS\C程序\C程序\DEBUG\函数.OBJ
C:\USERS\MRZHANG\DOCUMENTS\VISUAL STUDIO 2010\PROJECTS\C程序\C程序\DEBUG\函数地址类型.OBJ
C:\USERS\MRZHANG\DOCUMENTS\VISUAL STUDIO 2010\PROJECTS\C程序\C程序\DEBUG\函数申明.OBJ
C:\USERS\MRZHANG\DOCUMENTS\VISUAL STUDIO 2010\PROJECTS\C程序\C程序\DEBUG\函数修改指针变量.OBJ
C:\USERS\MRZHANG\DOCUMENTS\VISUAL STUDIO 2010\PROJECTS\C程序\C程序\DEBUG\宏的注意点.OBJ
C:\USERS\MRZHANG\DOCUMENTS\VISUAL STUDIO 2010\PROJECTS\C程序\C程序\DEBUG\宏定义.OBJ
C:\USERS\MRZHANG\DOCUMENTS\VISUAL STUDIO 2010\PROJECTS\C程序\C程序\DEBUG\基本类型的内存空间的申请和释放.OBJ
C:\USERS\MRZHANG\DOCUMENTS\VISUAL STUDIO 2010\PROJECTS\C程序\C程序\DEBUG\基本数据类型的指针.OBJ
C:\USERS\MRZHANG\DOCUMENTS\VISUAL STUDIO 2010\PROJECTS\C程序\C程序\DEBUG\将字符串复制到字符数组中.OBJ
C:\USERS\MRZHANG\DOCUMENTS\VISUAL STUDIO 2010\PROJECTS\C程序\C程序\DEBUG\结构体变量的声明和定义.OBJ
C:\USERS\MRZHANG\DOCUMENTS\VISUAL STUDIO 2010\PROJECTS\C程序\C程序\DEBUG\结构体的内存大小.OBJ
C:\USERS\MRZHANG\DOCUMENTS\VISUAL STUDIO 2010\PROJECTS\C程序\C程序\DEBUG\结构体访问成员.OBJ
C:\USERS\MRZHANG\DOCUMENTS\VISUAL STUDIO 2010\PROJECTS\C程序\C程序\DEBUG\结构体函数成员.OBJ
C:\USERS\MRZHANG\DOCUMENTS\VISUAL STUDIO 2010\PROJECTS\C程序\C程序\DEBUG\结构体嵌套.OBJ
C:\USERS\MRZHANG\DOCUMENTS\VISUAL STUDIO 2010\PROJECTS\C程序\C程序\DEBUG\结构体数组.OBJ
C:\USERS\MRZHANG\DOCUMENTS\VISUAL STUDIO 2010\PROJECTS\C程序\C程序\DEBUG\警告.OBJ
C:\USERS\MRZHANG\DOCUMENTS\VISUAL STUDIO 2010\PROJECTS\C程序\C程序\DEBUG\可控循环3要素.OBJ
C:\USERS\MRZHANG\DOCUMENTS\VISUAL STUDIO 2010\PROJECTS\C程序\C程序\DEBUG\类型决定指针操作.OBJ
C:\USERS\MRZHANG\DOCUMENTS\VISUAL STUDIO 2010\PROJECTS\C程序\C程序\DEBUG\类型决定指针操作1.OBJ
C:\USERS\MRZHANG\DOCUMENTS\VISUAL STUDIO 2010\PROJECTS\C程序\C程序\DEBUG\联合的使用.OBJ
C:\USERS\MRZHANG\DOCUMENTS\VISUAL STUDIO 2010\PROJECTS\C程序\C程序\DEBUG\逻辑运算符的注意点.OBJ
C:\USERS\MRZHANG\DOCUMENTS\VISUAL STUDIO 2010\PROJECTS\C程序\C程序\DEBUG\枚举变量的声明和使用.OBJ
C:\USERS\MRZHANG\DOCUMENTS\VISUAL STUDIO 2010\PROJECTS\C程序\C程序\DEBUG\枚举类型的常量.OBJ
C:\USERS\MRZHANG\DOCUMENTS\VISUAL STUDIO 2010\PROJECTS\C程序\C程序\DEBUG\内存管理.OBJ
C:\USERS\MRZHANG\DOCUMENTS\VISUAL STUDIO 2010\PROJECTS\C程序\C程序\DEBUG\其他整形.OBJ
C:\USERS\MRZHANG\DOCUMENTS\VISUAL STUDIO 2010\PROJECTS\C程序\C程序\DEBUG\其他自便运算符.OBJ
C:\USERS\MRZHANG\DOCUMENTS\VISUAL STUDIO 2010\PROJECTS\C程序\C程序\DEBUG\嵌套循环.OBJ
C:\USERS\MRZHANG\DOCUMENTS\VISUAL STUDIO 2010\PROJECTS\C程序\C程序\DEBUG\深入指针和下标运算.OBJ
C:\USERS\MRZHANG\DOCUMENTS\VISUAL STUDIO 2010\PROJECTS\C程序\C程序\DEBUG\什么是字符串.OBJ
C:\USERS\MRZHANG\DOCUMENTS\VISUAL STUDIO 2010\PROJECTS\C程序\C程序\DEBUG\声明一个结构体类型.OBJ
C:\USERS\MRZHANG\DOCUMENTS\VISUAL STUDIO 2010\PROJECTS\C程序\C程序\DEBUG\输入整形看SCANF的原理.OBJ
C:\USERS\MRZHANG\DOCUMENTS\VISUAL STUDIO 2010\PROJECTS\C程序\C程序\DEBUG\输入字符.OBJ
C:\USERS\MRZHANG\DOCUMENTS\VISUAL STUDIO 2010\PROJECTS\C程序\C程序\DEBUG\数组.OBJ
C:\USERS\MRZHANG\DOCUMENTS\VISUAL STUDIO 2010\PROJECTS\C程序\C程序\DEBUG\数组初始化.OBJ
C:\USERS\MRZHANG\DOCUMENTS\VISUAL STUDIO 2010\PROJECTS\C程序\C程序\DEBUG\数组的地址.OBJ
C:\USERS\MRZHANG\DOCUMENTS\VISUAL STUDIO 2010\PROJECTS\C程序\C程序\DEBUG\数组复制.OBJ
C:\USERS\MRZHANG\DOCUMENTS\VISUAL STUDIO 2010\PROJECTS\C程序\C程序\DEBUG\数组指针.OBJ
C:\USERS\MRZHANG\DOCUMENTS\VISUAL STUDIO 2010\PROJECTS\C程序\C程序\DEBUG\数组最大值.OBJ
C:\USERS\MRZHANG\DOCUMENTS\VISUAL STUDIO 2010\PROJECTS\C程序\C程序\DEBUG\特殊定义的宏.OBJ
C:\USERS\MRZHANG\DOCUMENTS\VISUAL STUDIO 2010\PROJECTS\C程序\C程序\DEBUG\条件的意义.OBJ
C:\USERS\MRZHANG\DOCUMENTS\VISUAL STUDIO 2010\PROJECTS\C程序\C程序\DEBUG\条件运算符.OBJ
C:\USERS\MRZHANG\DOCUMENTS\VISUAL STUDIO 2010\PROJECTS\C程序\C程序\DEBUG\通过函数修改外部的数值.OBJ
C:\USERS\MRZHANG\DOCUMENTS\VISUAL STUDIO 2010\PROJECTS\C程序\C程序\DEBUG\头文件.OBJ
C:\USERS\MRZHANG\DOCUMENTS\VISUAL STUDIO 2010\PROJECTS\C程序\C程序\DEBUG\无参数无返回值.OBJ
C:\USERS\MRZHANG\DOCUMENTS\VISUAL STUDIO 2010\PROJECTS\C程序\C程序\DEBUG\无参数有返回值.OBJ
C:\USERS\MRZHANG\DOCUMENTS\VISUAL STUDIO 2010\PROJECTS\C程序\C程序\DEBUG\无符号整形.OBJ
C:\USERS\MRZHANG\DOCUMENTS\VISUAL STUDIO 2010\PROJECTS\C程序\C程序\DEBUG\演示.OBJ
C:\USERS\MRZHANG\DOCUMENTS\VISUAL STUDIO 2010\PROJECTS\C程序\C程序\DEBUG\一维数组的空间的申请和释放.OBJ
C:\USERS\MRZHANG\DOCUMENTS\VISUAL STUDIO 2010\PROJECTS\C程序\C程序\DEBUG\一维数组与指针.OBJ
C:\USERS\MRZHANG\DOCUMENTS\VISUAL STUDIO 2010\PROJECTS\C程序\C程序\DEBUG\一维数组作为参数.OBJ
C:\USERS\MRZHANG\DOCUMENTS\VISUAL STUDIO 2010\PROJECTS\C程序\C程序\DEBUG\有参数无返回值的函数.OBJ
C:\USERS\MRZHANG\DOCUMENTS\VISUAL STUDIO 2010\PROJECTS\C程序\C程序\DEBUG\有参数有返回值的函数.OBJ
C:\USERS\MRZHANG\DOCUMENTS\VISUAL STUDIO 2010\PROJECTS\C程序\C程序\DEBUG\运算符.OBJ
C:\USERS\MRZHANG\DOCUMENTS\VISUAL STUDIO 2010\PROJECTS\C程序\C程序\DEBUG\运算符补充.OBJ
C:\USERS\MRZHANG\DOCUMENTS\VISUAL STUDIO 2010\PROJECTS\C程序\C程序\DEBUG\栈区大小.OBJ
C:\USERS\MRZHANG\DOCUMENTS\VISUAL STUDIO 2010\PROJECTS\C程序\C程序\DEBUG\栈溢出测试.OBJ
C:\USERS\MRZHANG\DOCUMENTS\VISUAL STUDIO 2010\PROJECTS\C程序\C程序\DEBUG\整数.OBJ
C:\USERS\MRZHANG\DOCUMENTS\VISUAL STUDIO 2010\PROJECTS\C程序\C程序\DEBUG\指针.OBJ
C:\USERS\MRZHANG\DOCUMENTS\VISUAL STUDIO 2010\PROJECTS\C程序\C程序\DEBUG\指针遍历二维数组.OBJ
C:\USERS\MRZHANG\DOCUMENTS\VISUAL STUDIO 2010\PROJECTS\C程序\C程序\DEBUG\指针操作指向的空间.OBJ
C:\USERS\MRZHANG\DOCUMENTS\VISUAL STUDIO 2010\PROJECTS\C程序\C程序\DEBUG\指针成员和函数成员.OBJ
C:\USERS\MRZHANG\DOCUMENTS\VISUAL STUDIO 2010\PROJECTS\C程序\C程序\DEBUG\指针给数组赋值.OBJ
C:\USERS\MRZHANG\DOCUMENTS\VISUAL STUDIO 2010\PROJECTS\C程序\C程序\DEBUG\指针类型的重定义.OBJ
C:\USERS\MRZHANG\DOCUMENTS\VISUAL STUDIO 2010\PROJECTS\C程序\C程序\DEBUG\指针类型的转换操作.OBJ
C:\USERS\MRZHANG\DOCUMENTS\VISUAL STUDIO 2010\PROJECTS\C程序\C程序\DEBUG\指针类型显式转换.OBJ
C:\USERS\MRZHANG\DOCUMENTS\VISUAL STUDIO 2010\PROJECTS\C程序\C程序\DEBUG\指针数组.OBJ
C:\USERS\MRZHANG\DOCUMENTS\VISUAL STUDIO 2010\PROJECTS\C程序\C程序\DEBUG\指针数组拉链结构.OBJ
C:\USERS\MRZHANG\DOCUMENTS\VISUAL STUDIO 2010\PROJECTS\C程序\C程序\DEBUG\指针修改元素的内容.OBJ
C:\USERS\MRZHANG\DOCUMENTS\VISUAL STUDIO 2010\PROJECTS\C程序\C程序\DEBUG\指针与数组的关系.OBJ
C:\USERS\MRZHANG\DOCUMENTS\VISUAL STUDIO 2010\PROJECTS\C程序\C程序\DEBUG\中文与字符.OBJ
C:\USERS\MRZHANG\DOCUMENTS\VISUAL STUDIO 2010\PROJECTS\C程序\C程序\DEBUG\转义字符.OBJ
C:\USERS\MRZHANG\DOCUMENTS\VISUAL STUDIO 2010\PROJECTS\C程序\C程序\DEBUG\自定义输出字符串函数.OBJ
C:\USERS\MRZHANG\DOCUMENTS\VISUAL STUDIO 2010\PROJECTS\C程序\C程序\DEBUG\自减.OBJ
C:\USERS\MRZHANG\DOCUMENTS\VISUAL STUDIO 2010\PROJECTS\C程序\C程序\DEBUG\自增和自减.OBJ
C:\USERS\MRZHANG\DOCUMENTS\VISUAL STUDIO 2010\PROJECTS\C程序\C程序\DEBUG\字符.OBJ
C:\USERS\MRZHANG\DOCUMENTS\VISUAL STUDIO 2010\PROJECTS\C程序\C程序\DEBUG\字符CHAR.OBJ
C:\USERS\MRZHANG\DOCUMENTS\VISUAL STUDIO 2010\PROJECTS\C程序\C程序\DEBUG\字符串操作函数.OBJ
C:\USERS\MRZHANG\DOCUMENTS\VISUAL STUDIO 2010\PROJECTS\C程序\C程序\DEBUG\字符串的拼接.OBJ
C:\USERS\MRZHANG\DOCUMENTS\VISUAL STUDIO 2010\PROJECTS\C程序\C程序\DEBUG\字符串的声明方式.OBJ
C:\USERS\MRZHANG\DOCUMENTS\VISUAL STUDIO 2010\PROJECTS\C程序\C程序\DEBUG\字符串的输入.OBJ
C:\USERS\MRZHANG\DOCUMENTS\VISUAL STUDIO 2010\PROJECTS\C程序\C程序\DEBUG\字符串数组和二维字符数组.OBJ
C:\USERS\MRZHANG\DOCUMENTS\VISUAL STUDIO 2010\PROJECTS\C程序\C程序\DEBUG\字符的深入理解.OBJ
C:\USERS\MRZHANG\DOCUMENTS\VISUAL STUDIO 2010\PROJECTS\C程序\C程序\DEBUG\字符数组.OBJ
C:\USERS\MRZHANG\DOCUMENTS\VISUAL STUDIO 2010\PROJECTS\C程序\C程序\DEBUG\字符数组的输出.OBJ
C:\USERS\MRZHANG\DOCUMENTS\VISUAL STUDIO 2010\PROJECTS\C程序\C程序\DEBUG\字符数组和字符串.OBJ
C:\USERS\MRZHANG\DOCUMENTS\VISUAL STUDIO 2010\PROJECTS\C程序\DEBUG\C程序.EXE
C:\USERS\MRZHANG\DOCUMENTS\VISUAL STUDIO 2010\PROJECTS\C程序\DEBUG\C程序.ILK
C:\USERS\MRZHANG\DOCUMENTS\VISUAL STUDIO 2010\PROJECTS\C程序\DEBUG\C程序.PDB
