生成启动时间为 2020/4/6 10:26:26。
     1>项目“C:\Users\mrzhang\Documents\Visual Studio 2010\Projects\c程序\c程序\c程序.vcxproj”在节点 2 上(rebuild 个目标)。
     1>_PrepareForClean:
         正在删除文件“x64\Debug\c程序.lastbuildstate”。
       InitializeBuildStatus:
         正在创建“x64\Debug\c程序.unsuccessfulbuild”，因为已指定“AlwaysCreate”。
       ClCompile:
         C:\Program Files (x86)\Microsoft Visual Studio 10.0\VC\bin\x86_amd64\CL.exe /c /Zi /nologo /W3 /WX- /Od /D WIN32 /D _DEBUG /D _CONSOLE /D _UNICODE /D UNICODE /Gm /EHsc /RTC1 /MDd /GS /fp:precise /Zc:wchar_t /Zc:forScope /Fo"x64\Debug\\" /Fd"x64\Debug\vc100.pdb" /Gd /TC /errorReport:prompt break.c continue.c "do-while循环.c" "float输入.c" for.c "for循环的灵活性.c" free.c goto.c "go跳出多层循环.c" "ifelse条件重复.c" "ifelse注意点.c" "if注意点.c" "if表达式.c" "int深入.c" "int类型变量.c" main.c mallo.c mallo1.c "malloc注意点.c" printf.c scanf.c scanf_test.c size_t.c "switch-case.c" "switch注意点.c" "switch表示范围.c" test32or64.c while.c "一维数组与指针.c" "二级指针.c" "二级指针的使用.c" "二级指针的具体操作.c" "二维数组.c" "二维数组和指针.c" "二维数组的地址.c" "其他整形.c" "其他自便运算符.c" "可控循环3要素.c" "地址.c" "基本数据类型的指针.c" "多行输入.c" "头文件.c" "嵌套循环.c" "成绩评级系统.c" "拆分整数.c" "指针.c" "指针与数组的关系.c" "指针修改元素的内容.c" "指针操作指向的空间.c" "指针数组.c" "指针数组拉链结构.c" "指针给数组赋值.c" "指针遍历二维数组.c" "数组.c" "数组初始化.c" "数组复制.c" "数组指针.c" "数组的地址.c" "整数.c" "无符号整形.c" "条件的意义.c" "条件运算符.c" "栈区大小.c" "测试自加.c" "浮点型.c" "浮点型后缀.c" "浮点型数据区别.c" "浮点型的精度位.c" "深入指针和下标运算.c" "演示.c" "类型决定指针操作.c" "自减.c" "自增和自减.c" "表达式.c" "警告.c" "运算符.c" "运算符补充.c" "逻辑运算符的注意点.c" "非零.c"
         非零.c
         逻辑运算符的注意点.c
         运算符补充.c
         运算符.c
         警告.c
         表达式.c
         自增和自减.c
         自减.c
         类型决定指针操作.c
         演示.c
         深入指针和下标运算.c
         浮点型的精度位.c
         浮点型数据区别.c
         浮点型后缀.c
         浮点型.c
         测试自加.c
         栈区大小.c
         条件运算符.c
         条件的意义.c
         无符号整形.c
         Generating Code...
         Compiling...
         整数.c
         数组的地址.c
         数组指针.c
         数组复制.c
         数组初始化.c
         数组.c
         指针遍历二维数组.c
         指针给数组赋值.c
         指针数组拉链结构.c
         指针数组.c
         指针操作指向的空间.c
         指针修改元素的内容.c
         指针与数组的关系.c
         指针.c
         拆分整数.c
         成绩评级系统.c
         嵌套循环.c
         头文件.c
         多行输入.c
         基本数据类型的指针.c
         Generating Code...
         Compiling...
         地址.c
         可控循环3要素.c
         其他自便运算符.c
         其他整形.c
         二维数组的地址.c
         二维数组和指针.c
         二维数组.c
         二级指针的具体操作.c
         二级指针的使用.c
         二级指针.c
         一维数组与指针.c
         while.c
         test32or64.c
         switch表示范围.c
         switch注意点.c
         switch-case.c
         size_t.c
         scanf_test.c
         scanf.c
         printf.c
         Generating Code...
         Compiling...
         malloc注意点.c
         mallo1.c
         mallo.c
         main.c
         int类型变量.c
         int深入.c
         if表达式.c
         if注意点.c
         ifelse注意点.c
         ifelse条件重复.c
         go跳出多层循环.c
         goto.c
         free.c
         for循环的灵活性.c
         for.c
         float输入.c
         do-while循环.c
         continue.c
         break.c
         Generating Code...
         C:\Program Files (x86)\Microsoft Visual Studio 10.0\VC\bin\x86_amd64\CL.exe /c /Zi /nologo /W3 /WX- /Od /D WIN32 /D _DEBUG /D _CONSOLE /D _UNICODE /D UNICODE /Gm /EHsc /RTC1 /MDd /GS /fp:precise /Zc:wchar_t /Zc:forScope /Fo"x64\Debug\\" /Fd"x64\Debug\vc100.pdb" /Gd /TP /errorReport:prompt "类型决定指针操作1.cpp"
         类型决定指针操作1.cpp
       ManifestResourceCompile:
         C:\Program Files (x86)\Microsoft SDKs\Windows\v7.0A\bin\rc.exe /nologo /fo"x64\Debug\c程序.exe.embed.manifest.res" "x64\Debug\c程序_manifest.rc" 
       Link:
         C:\Program Files (x86)\Microsoft Visual Studio 10.0\VC\bin\x86_amd64\link.exe /ERRORREPORT:PROMPT /OUT:"C:\Users\mrzhang\Documents\Visual Studio 2010\Projects\c程序\x64\Debug\c程序.exe" /INCREMENTAL /NOLOGO kernel32.lib user32.lib gdi32.lib winspool.lib comdlg32.lib advapi32.lib shell32.lib ole32.lib oleaut32.lib uuid.lib odbc32.lib odbccp32.lib /MANIFEST /ManifestFile:"x64\Debug\c程序.exe.intermediate.manifest" /MANIFESTUAC:"level='asInvoker' uiAccess='false'" /DEBUG /PDB:"C:\Users\mrzhang\Documents\Visual Studio 2010\Projects\c程序\x64\Debug\c程序.pdb" /SUBSYSTEM:CONSOLE /TLBID:1 /DYNAMICBASE /NXCOMPAT /IMPLIB:"C:\Users\mrzhang\Documents\Visual Studio 2010\Projects\c程序\x64\Debug\c程序.lib" /MACHINE:X64 "x64\Debug\c程序.exe.embed.manifest.res"
         x64\Debug\break.obj
         x64\Debug\continue.obj
         "x64\Debug\do-while循环.obj"
         "x64\Debug\float输入.obj"
         x64\Debug\for.obj
         "x64\Debug\for循环的灵活性.obj"
         x64\Debug\free.obj
         x64\Debug\goto.obj
         "x64\Debug\go跳出多层循环.obj"
         "x64\Debug\ifelse条件重复.obj"
         "x64\Debug\ifelse注意点.obj"
         "x64\Debug\if注意点.obj"
         "x64\Debug\if表达式.obj"
         "x64\Debug\int深入.obj"
         "x64\Debug\int类型变量.obj"
         x64\Debug\main.obj
         x64\Debug\mallo.obj
         x64\Debug\mallo1.obj
         "x64\Debug\malloc注意点.obj"
         x64\Debug\printf.obj
         x64\Debug\scanf.obj
         x64\Debug\scanf_test.obj
         x64\Debug\size_t.obj
         "x64\Debug\switch-case.obj"
         "x64\Debug\switch注意点.obj"
         "x64\Debug\switch表示范围.obj"
         x64\Debug\test32or64.obj
         x64\Debug\while.obj
         "x64\Debug\一维数组与指针.obj"
         "x64\Debug\二级指针.obj"
         "x64\Debug\二级指针的使用.obj"
         "x64\Debug\二级指针的具体操作.obj"
         "x64\Debug\二维数组.obj"
         "x64\Debug\二维数组和指针.obj"
         "x64\Debug\二维数组的地址.obj"
         "x64\Debug\其他整形.obj"
         "x64\Debug\其他自便运算符.obj"
         "x64\Debug\可控循环3要素.obj"
         "x64\Debug\地址.obj"
         "x64\Debug\基本数据类型的指针.obj"
         "x64\Debug\多行输入.obj"
         "x64\Debug\头文件.obj"
         "x64\Debug\嵌套循环.obj"
         "x64\Debug\成绩评级系统.obj"
         "x64\Debug\拆分整数.obj"
         "x64\Debug\指针.obj"
         "x64\Debug\指针与数组的关系.obj"
         "x64\Debug\指针修改元素的内容.obj"
         "x64\Debug\指针操作指向的空间.obj"
         "x64\Debug\指针数组.obj"
         "x64\Debug\指针数组拉链结构.obj"
         "x64\Debug\指针给数组赋值.obj"
         "x64\Debug\指针遍历二维数组.obj"
         "x64\Debug\数组.obj"
         "x64\Debug\数组初始化.obj"
         "x64\Debug\数组复制.obj"
         "x64\Debug\数组指针.obj"
         "x64\Debug\数组的地址.obj"
         "x64\Debug\整数.obj"
         "x64\Debug\无符号整形.obj"
         "x64\Debug\条件的意义.obj"
         "x64\Debug\条件运算符.obj"
         "x64\Debug\栈区大小.obj"
         "x64\Debug\测试自加.obj"
         "x64\Debug\浮点型.obj"
         "x64\Debug\浮点型后缀.obj"
         "x64\Debug\浮点型数据区别.obj"
         "x64\Debug\浮点型的精度位.obj"
         "x64\Debug\深入指针和下标运算.obj"
         "x64\Debug\演示.obj"
         "x64\Debug\类型决定指针操作.obj"
         "x64\Debug\类型决定指针操作1.obj"
         "x64\Debug\自减.obj"
         "x64\Debug\自增和自减.obj"
         "x64\Debug\表达式.obj"
         "x64\Debug\警告.obj"
         "x64\Debug\运算符.obj"
         "x64\Debug\运算符补充.obj"
         "x64\Debug\逻辑运算符的注意点.obj"
         "x64\Debug\非零.obj"
         c程序.vcxproj -> C:\Users\mrzhang\Documents\Visual Studio 2010\Projects\c程序\x64\Debug\c程序.exe
       Manifest:
         正在删除文件“x64\Debug\c程序.exe.embed.manifest”。
         C:\Program Files (x86)\Microsoft SDKs\Windows\v7.0A\bin\mt.exe /nologo /verbose /out:"x64\Debug\c程序.exe.embed.manifest" /manifest "x64\Debug\c程序.exe.intermediate.manifest"
         C:\Program Files (x86)\Microsoft SDKs\Windows\v7.0A\bin\rc.exe /nologo /fo"x64\Debug\c程序.exe.embed.manifest.res" "x64\Debug\c程序_manifest.rc" 
       LinkEmbedManifest:
         C:\Program Files (x86)\Microsoft Visual Studio 10.0\VC\bin\x86_amd64\link.exe /ERRORREPORT:PROMPT /OUT:"C:\Users\mrzhang\Documents\Visual Studio 2010\Projects\c程序\x64\Debug\c程序.exe" /INCREMENTAL /NOLOGO kernel32.lib user32.lib gdi32.lib winspool.lib comdlg32.lib advapi32.lib shell32.lib ole32.lib oleaut32.lib uuid.lib odbc32.lib odbccp32.lib /MANIFEST /ManifestFile:"x64\Debug\c程序.exe.intermediate.manifest" /MANIFESTUAC:"level='asInvoker' uiAccess='false'" /DEBUG /PDB:"C:\Users\mrzhang\Documents\Visual Studio 2010\Projects\c程序\x64\Debug\c程序.pdb" /SUBSYSTEM:CONSOLE /TLBID:1 /DYNAMICBASE /NXCOMPAT /IMPLIB:"C:\Users\mrzhang\Documents\Visual Studio 2010\Projects\c程序\x64\Debug\c程序.lib" /MACHINE:X64 "x64\Debug\c程序.exe.embed.manifest.res"
         x64\Debug\break.obj
         x64\Debug\continue.obj
         "x64\Debug\do-while循环.obj"
         "x64\Debug\float输入.obj"
         x64\Debug\for.obj
         "x64\Debug\for循环的灵活性.obj"
         x64\Debug\free.obj
         x64\Debug\goto.obj
         "x64\Debug\go跳出多层循环.obj"
         "x64\Debug\ifelse条件重复.obj"
         "x64\Debug\ifelse注意点.obj"
         "x64\Debug\if注意点.obj"
         "x64\Debug\if表达式.obj"
         "x64\Debug\int深入.obj"
         "x64\Debug\int类型变量.obj"
         x64\Debug\main.obj
         x64\Debug\mallo.obj
         x64\Debug\mallo1.obj
         "x64\Debug\malloc注意点.obj"
         x64\Debug\printf.obj
         x64\Debug\scanf.obj
         x64\Debug\scanf_test.obj
         x64\Debug\size_t.obj
         "x64\Debug\switch-case.obj"
         "x64\Debug\switch注意点.obj"
         "x64\Debug\switch表示范围.obj"
         x64\Debug\test32or64.obj
         x64\Debug\while.obj
         "x64\Debug\一维数组与指针.obj"
         "x64\Debug\二级指针.obj"
         "x64\Debug\二级指针的使用.obj"
         "x64\Debug\二级指针的具体操作.obj"
         "x64\Debug\二维数组.obj"
         "x64\Debug\二维数组和指针.obj"
         "x64\Debug\二维数组的地址.obj"
         "x64\Debug\其他整形.obj"
         "x64\Debug\其他自便运算符.obj"
         "x64\Debug\可控循环3要素.obj"
         "x64\Debug\地址.obj"
         "x64\Debug\基本数据类型的指针.obj"
         "x64\Debug\多行输入.obj"
         "x64\Debug\头文件.obj"
         "x64\Debug\嵌套循环.obj"
         "x64\Debug\成绩评级系统.obj"
         "x64\Debug\拆分整数.obj"
         "x64\Debug\指针.obj"
         "x64\Debug\指针与数组的关系.obj"
         "x64\Debug\指针修改元素的内容.obj"
         "x64\Debug\指针操作指向的空间.obj"
         "x64\Debug\指针数组.obj"
         "x64\Debug\指针数组拉链结构.obj"
         "x64\Debug\指针给数组赋值.obj"
         "x64\Debug\指针遍历二维数组.obj"
         "x64\Debug\数组.obj"
         "x64\Debug\数组初始化.obj"
         "x64\Debug\数组复制.obj"
         "x64\Debug\数组指针.obj"
         "x64\Debug\数组的地址.obj"
         "x64\Debug\整数.obj"
         "x64\Debug\无符号整形.obj"
         "x64\Debug\条件的意义.obj"
         "x64\Debug\条件运算符.obj"
         "x64\Debug\栈区大小.obj"
         "x64\Debug\测试自加.obj"
         "x64\Debug\浮点型.obj"
         "x64\Debug\浮点型后缀.obj"
         "x64\Debug\浮点型数据区别.obj"
         "x64\Debug\浮点型的精度位.obj"
         "x64\Debug\深入指针和下标运算.obj"
         "x64\Debug\演示.obj"
         "x64\Debug\类型决定指针操作.obj"
         "x64\Debug\类型决定指针操作1.obj"
         "x64\Debug\自减.obj"
         "x64\Debug\自增和自减.obj"
         "x64\Debug\表达式.obj"
         "x64\Debug\警告.obj"
         "x64\Debug\运算符.obj"
         "x64\Debug\运算符补充.obj"
         "x64\Debug\逻辑运算符的注意点.obj"
         "x64\Debug\非零.obj"
         c程序.vcxproj -> C:\Users\mrzhang\Documents\Visual Studio 2010\Projects\c程序\x64\Debug\c程序.exe
       FinalizeBuildStatus:
         正在删除文件“x64\Debug\c程序.unsuccessfulbuild”。
         正在对“x64\Debug\c程序.lastbuildstate”执行 Touch 任务。
     1>已完成生成项目“C:\Users\mrzhang\Documents\Visual Studio 2010\Projects\c程序\c程序\c程序.vcxproj”(rebuild 个目标)的操作。

生成成功。

已用时间 00:00:02.15
