C:\USERS\MRZHANG\DOCUMENTS\VISUAL STUDIO 2010\PROJECTS\C程序\C程序\X64\DEBUG\BREAK.OBJ
C:\Users\mrzhang\Documents\Visual Studio 2010\Projects\c程序\c程序\x64\Debug\cl.command.1.tlog
C:\Users\mrzhang\Documents\Visual Studio 2010\Projects\c程序\c程序\x64\Debug\CL.read.1.tlog
C:\Users\mrzhang\Documents\Visual Studio 2010\Projects\c程序\c程序\x64\Debug\CL.write.1.tlog
C:\USERS\MRZHANG\DOCUMENTS\VISUAL STUDIO 2010\PROJECTS\C程序\C程序\X64\DEBUG\CONTINUE.OBJ
C:\USERS\MRZHANG\DOCUMENTS\VISUAL STUDIO 2010\PROJECTS\C程序\C程序\X64\DEBUG\C程序.EXE.EMBED.MANIFEST
C:\USERS\MRZHANG\DOCUMENTS\VISUAL STUDIO 2010\PROJECTS\C程序\C程序\X64\DEBUG\C程序.EXE.EMBED.MANIFEST.RES
C:\USERS\MRZHANG\DOCUMENTS\VISUAL STUDIO 2010\PROJECTS\C程序\C程序\X64\DEBUG\C程序.EXE.INTERMEDIATE.MANIFEST
C:\Users\mrzhang\Documents\Visual Studio 2010\Projects\c程序\c程序\x64\Debug\c程序.write.1.tlog
C:\Users\mrzhang\Documents\Visual Studio 2010\Projects\c程序\c程序\x64\Debug\c程序_manifest.rc
C:\USERS\MRZHANG\DOCUMENTS\VISUAL STUDIO 2010\PROJECTS\C程序\C程序\X64\DEBUG\DO-WHILE循环.OBJ
C:\USERS\MRZHANG\DOCUMENTS\VISUAL STUDIO 2010\PROJECTS\C程序\C程序\X64\DEBUG\FLOAT输入.OBJ
C:\USERS\MRZHANG\DOCUMENTS\VISUAL STUDIO 2010\PROJECTS\C程序\C程序\X64\DEBUG\FOR.OBJ
C:\USERS\MRZHANG\DOCUMENTS\VISUAL STUDIO 2010\PROJECTS\C程序\C程序\X64\DEBUG\FOR循环的灵活性.OBJ
C:\USERS\MRZHANG\DOCUMENTS\VISUAL STUDIO 2010\PROJECTS\C程序\C程序\X64\DEBUG\FREE.OBJ
C:\USERS\MRZHANG\DOCUMENTS\VISUAL STUDIO 2010\PROJECTS\C程序\C程序\X64\DEBUG\GOTO.OBJ
C:\USERS\MRZHANG\DOCUMENTS\VISUAL STUDIO 2010\PROJECTS\C程序\C程序\X64\DEBUG\GO跳出多层循环.OBJ
C:\USERS\MRZHANG\DOCUMENTS\VISUAL STUDIO 2010\PROJECTS\C程序\C程序\X64\DEBUG\IFELSE条件重复.OBJ
C:\USERS\MRZHANG\DOCUMENTS\VISUAL STUDIO 2010\PROJECTS\C程序\C程序\X64\DEBUG\IFELSE注意点.OBJ
C:\USERS\MRZHANG\DOCUMENTS\VISUAL STUDIO 2010\PROJECTS\C程序\C程序\X64\DEBUG\IF表达式.OBJ
C:\USERS\MRZHANG\DOCUMENTS\VISUAL STUDIO 2010\PROJECTS\C程序\C程序\X64\DEBUG\IF注意点.OBJ
C:\USERS\MRZHANG\DOCUMENTS\VISUAL STUDIO 2010\PROJECTS\C程序\C程序\X64\DEBUG\INT类型变量.OBJ
C:\USERS\MRZHANG\DOCUMENTS\VISUAL STUDIO 2010\PROJECTS\C程序\C程序\X64\DEBUG\INT深入.OBJ
C:\Users\mrzhang\Documents\Visual Studio 2010\Projects\c程序\c程序\x64\Debug\link.4872.read.1.tlog
C:\Users\mrzhang\Documents\Visual Studio 2010\Projects\c程序\c程序\x64\Debug\link.4872.write.1.tlog
C:\Users\mrzhang\Documents\Visual Studio 2010\Projects\c程序\c程序\x64\Debug\link.4872-cvtres.read.1.tlog
C:\Users\mrzhang\Documents\Visual Studio 2010\Projects\c程序\c程序\x64\Debug\link.4872-cvtres.write.1.tlog
C:\Users\mrzhang\Documents\Visual Studio 2010\Projects\c程序\c程序\x64\Debug\link.command.1.tlog
C:\Users\mrzhang\Documents\Visual Studio 2010\Projects\c程序\c程序\x64\Debug\link.read.1.tlog
C:\Users\mrzhang\Documents\Visual Studio 2010\Projects\c程序\c程序\x64\Debug\link.write.1.tlog
C:\Users\mrzhang\Documents\Visual Studio 2010\Projects\c程序\c程序\x64\Debug\link-cvtres.read.1.tlog
C:\Users\mrzhang\Documents\Visual Studio 2010\Projects\c程序\c程序\x64\Debug\link-cvtres.write.1.tlog
C:\USERS\MRZHANG\DOCUMENTS\VISUAL STUDIO 2010\PROJECTS\C程序\C程序\X64\DEBUG\MAIN.OBJ
C:\USERS\MRZHANG\DOCUMENTS\VISUAL STUDIO 2010\PROJECTS\C程序\C程序\X64\DEBUG\MALLO.OBJ
C:\USERS\MRZHANG\DOCUMENTS\VISUAL STUDIO 2010\PROJECTS\C程序\C程序\X64\DEBUG\MALLO1.OBJ
C:\USERS\MRZHANG\DOCUMENTS\VISUAL STUDIO 2010\PROJECTS\C程序\C程序\X64\DEBUG\MALLOC注意点.OBJ
C:\Users\mrzhang\Documents\Visual Studio 2010\Projects\c程序\c程序\x64\Debug\mt.command.1.tlog
C:\Users\mrzhang\Documents\Visual Studio 2010\Projects\c程序\c程序\x64\Debug\mt.read.1.tlog
C:\Users\mrzhang\Documents\Visual Studio 2010\Projects\c程序\c程序\x64\Debug\mt.write.1.tlog
C:\USERS\MRZHANG\DOCUMENTS\VISUAL STUDIO 2010\PROJECTS\C程序\C程序\X64\DEBUG\PRINTF.OBJ
C:\Users\mrzhang\Documents\Visual Studio 2010\Projects\c程序\c程序\x64\Debug\rc.command.1.tlog
C:\Users\mrzhang\Documents\Visual Studio 2010\Projects\c程序\c程序\x64\Debug\rc.read.1.tlog
C:\Users\mrzhang\Documents\Visual Studio 2010\Projects\c程序\c程序\x64\Debug\rc.write.1.tlog
C:\USERS\MRZHANG\DOCUMENTS\VISUAL STUDIO 2010\PROJECTS\C程序\C程序\X64\DEBUG\SCANF.OBJ
C:\USERS\MRZHANG\DOCUMENTS\VISUAL STUDIO 2010\PROJECTS\C程序\C程序\X64\DEBUG\SCANF_TEST.OBJ
C:\USERS\MRZHANG\DOCUMENTS\VISUAL STUDIO 2010\PROJECTS\C程序\C程序\X64\DEBUG\SIZE_T.OBJ
C:\USERS\MRZHANG\DOCUMENTS\VISUAL STUDIO 2010\PROJECTS\C程序\C程序\X64\DEBUG\SWITCH-CASE.OBJ
C:\USERS\MRZHANG\DOCUMENTS\VISUAL STUDIO 2010\PROJECTS\C程序\C程序\X64\DEBUG\SWITCH表示范围.OBJ
C:\USERS\MRZHANG\DOCUMENTS\VISUAL STUDIO 2010\PROJECTS\C程序\C程序\X64\DEBUG\SWITCH注意点.OBJ
C:\USERS\MRZHANG\DOCUMENTS\VISUAL STUDIO 2010\PROJECTS\C程序\C程序\X64\DEBUG\TEST32OR64.OBJ
C:\Users\mrzhang\Documents\Visual Studio 2010\Projects\c程序\c程序\x64\Debug\vc100.idb
C:\USERS\MRZHANG\DOCUMENTS\VISUAL STUDIO 2010\PROJECTS\C程序\C程序\X64\DEBUG\VC100.PDB
C:\USERS\MRZHANG\DOCUMENTS\VISUAL STUDIO 2010\PROJECTS\C程序\C程序\X64\DEBUG\WHILE.OBJ
C:\USERS\MRZHANG\DOCUMENTS\VISUAL STUDIO 2010\PROJECTS\C程序\C程序\X64\DEBUG\表达式.OBJ
C:\USERS\MRZHANG\DOCUMENTS\VISUAL STUDIO 2010\PROJECTS\C程序\C程序\X64\DEBUG\测试自加.OBJ
C:\USERS\MRZHANG\DOCUMENTS\VISUAL STUDIO 2010\PROJECTS\C程序\C程序\X64\DEBUG\拆分整数.OBJ
C:\USERS\MRZHANG\DOCUMENTS\VISUAL STUDIO 2010\PROJECTS\C程序\C程序\X64\DEBUG\成绩评级系统.OBJ
C:\USERS\MRZHANG\DOCUMENTS\VISUAL STUDIO 2010\PROJECTS\C程序\C程序\X64\DEBUG\地址.OBJ
C:\USERS\MRZHANG\DOCUMENTS\VISUAL STUDIO 2010\PROJECTS\C程序\C程序\X64\DEBUG\多行输入.OBJ
C:\USERS\MRZHANG\DOCUMENTS\VISUAL STUDIO 2010\PROJECTS\C程序\C程序\X64\DEBUG\二级指针.OBJ
C:\USERS\MRZHANG\DOCUMENTS\VISUAL STUDIO 2010\PROJECTS\C程序\C程序\X64\DEBUG\二级指针的具体操作.OBJ
C:\USERS\MRZHANG\DOCUMENTS\VISUAL STUDIO 2010\PROJECTS\C程序\C程序\X64\DEBUG\二级指针的使用.OBJ
C:\USERS\MRZHANG\DOCUMENTS\VISUAL STUDIO 2010\PROJECTS\C程序\C程序\X64\DEBUG\二维数组.OBJ
C:\USERS\MRZHANG\DOCUMENTS\VISUAL STUDIO 2010\PROJECTS\C程序\C程序\X64\DEBUG\二维数组的地址.OBJ
C:\USERS\MRZHANG\DOCUMENTS\VISUAL STUDIO 2010\PROJECTS\C程序\C程序\X64\DEBUG\二维数组和指针.OBJ
C:\USERS\MRZHANG\DOCUMENTS\VISUAL STUDIO 2010\PROJECTS\C程序\C程序\X64\DEBUG\非零.OBJ
C:\USERS\MRZHANG\DOCUMENTS\VISUAL STUDIO 2010\PROJECTS\C程序\C程序\X64\DEBUG\浮点型.OBJ
C:\USERS\MRZHANG\DOCUMENTS\VISUAL STUDIO 2010\PROJECTS\C程序\C程序\X64\DEBUG\浮点型的精度位.OBJ
C:\USERS\MRZHANG\DOCUMENTS\VISUAL STUDIO 2010\PROJECTS\C程序\C程序\X64\DEBUG\浮点型后缀.OBJ
C:\USERS\MRZHANG\DOCUMENTS\VISUAL STUDIO 2010\PROJECTS\C程序\C程序\X64\DEBUG\浮点型数据区别.OBJ
C:\USERS\MRZHANG\DOCUMENTS\VISUAL STUDIO 2010\PROJECTS\C程序\C程序\X64\DEBUG\基本数据类型的指针.OBJ
C:\USERS\MRZHANG\DOCUMENTS\VISUAL STUDIO 2010\PROJECTS\C程序\C程序\X64\DEBUG\警告.OBJ
C:\USERS\MRZHANG\DOCUMENTS\VISUAL STUDIO 2010\PROJECTS\C程序\C程序\X64\DEBUG\可控循环3要素.OBJ
C:\USERS\MRZHANG\DOCUMENTS\VISUAL STUDIO 2010\PROJECTS\C程序\C程序\X64\DEBUG\类型决定指针操作.OBJ
C:\USERS\MRZHANG\DOCUMENTS\VISUAL STUDIO 2010\PROJECTS\C程序\C程序\X64\DEBUG\类型决定指针操作1.OBJ
C:\USERS\MRZHANG\DOCUMENTS\VISUAL STUDIO 2010\PROJECTS\C程序\C程序\X64\DEBUG\逻辑运算符的注意点.OBJ
C:\USERS\MRZHANG\DOCUMENTS\VISUAL STUDIO 2010\PROJECTS\C程序\C程序\X64\DEBUG\其他整形.OBJ
C:\USERS\MRZHANG\DOCUMENTS\VISUAL STUDIO 2010\PROJECTS\C程序\C程序\X64\DEBUG\其他自便运算符.OBJ
C:\USERS\MRZHANG\DOCUMENTS\VISUAL STUDIO 2010\PROJECTS\C程序\C程序\X64\DEBUG\嵌套循环.OBJ
C:\USERS\MRZHANG\DOCUMENTS\VISUAL STUDIO 2010\PROJECTS\C程序\C程序\X64\DEBUG\深入指针和下标运算.OBJ
C:\USERS\MRZHANG\DOCUMENTS\VISUAL STUDIO 2010\PROJECTS\C程序\C程序\X64\DEBUG\数组.OBJ
C:\USERS\MRZHANG\DOCUMENTS\VISUAL STUDIO 2010\PROJECTS\C程序\C程序\X64\DEBUG\数组初始化.OBJ
C:\USERS\MRZHANG\DOCUMENTS\VISUAL STUDIO 2010\PROJECTS\C程序\C程序\X64\DEBUG\数组的地址.OBJ
C:\USERS\MRZHANG\DOCUMENTS\VISUAL STUDIO 2010\PROJECTS\C程序\C程序\X64\DEBUG\数组复制.OBJ
C:\USERS\MRZHANG\DOCUMENTS\VISUAL STUDIO 2010\PROJECTS\C程序\C程序\X64\DEBUG\数组指针.OBJ
C:\USERS\MRZHANG\DOCUMENTS\VISUAL STUDIO 2010\PROJECTS\C程序\C程序\X64\DEBUG\条件的意义.OBJ
C:\USERS\MRZHANG\DOCUMENTS\VISUAL STUDIO 2010\PROJECTS\C程序\C程序\X64\DEBUG\条件运算符.OBJ
C:\USERS\MRZHANG\DOCUMENTS\VISUAL STUDIO 2010\PROJECTS\C程序\C程序\X64\DEBUG\头文件.OBJ
C:\USERS\MRZHANG\DOCUMENTS\VISUAL STUDIO 2010\PROJECTS\C程序\C程序\X64\DEBUG\无符号整形.OBJ
C:\USERS\MRZHANG\DOCUMENTS\VISUAL STUDIO 2010\PROJECTS\C程序\C程序\X64\DEBUG\演示.OBJ
C:\USERS\MRZHANG\DOCUMENTS\VISUAL STUDIO 2010\PROJECTS\C程序\C程序\X64\DEBUG\一维数组与指针.OBJ
C:\USERS\MRZHANG\DOCUMENTS\VISUAL STUDIO 2010\PROJECTS\C程序\C程序\X64\DEBUG\运算符.OBJ
C:\USERS\MRZHANG\DOCUMENTS\VISUAL STUDIO 2010\PROJECTS\C程序\C程序\X64\DEBUG\运算符补充.OBJ
C:\USERS\MRZHANG\DOCUMENTS\VISUAL STUDIO 2010\PROJECTS\C程序\C程序\X64\DEBUG\栈区大小.OBJ
C:\USERS\MRZHANG\DOCUMENTS\VISUAL STUDIO 2010\PROJECTS\C程序\C程序\X64\DEBUG\整数.OBJ
C:\USERS\MRZHANG\DOCUMENTS\VISUAL STUDIO 2010\PROJECTS\C程序\C程序\X64\DEBUG\指针.OBJ
C:\USERS\MRZHANG\DOCUMENTS\VISUAL STUDIO 2010\PROJECTS\C程序\C程序\X64\DEBUG\指针遍历二维数组.OBJ
C:\USERS\MRZHANG\DOCUMENTS\VISUAL STUDIO 2010\PROJECTS\C程序\C程序\X64\DEBUG\指针操作指向的空间.OBJ
C:\USERS\MRZHANG\DOCUMENTS\VISUAL STUDIO 2010\PROJECTS\C程序\C程序\X64\DEBUG\指针给数组赋值.OBJ
C:\USERS\MRZHANG\DOCUMENTS\VISUAL STUDIO 2010\PROJECTS\C程序\C程序\X64\DEBUG\指针数组.OBJ
C:\USERS\MRZHANG\DOCUMENTS\VISUAL STUDIO 2010\PROJECTS\C程序\C程序\X64\DEBUG\指针数组拉链结构.OBJ
C:\USERS\MRZHANG\DOCUMENTS\VISUAL STUDIO 2010\PROJECTS\C程序\C程序\X64\DEBUG\指针修改元素的内容.OBJ
C:\USERS\MRZHANG\DOCUMENTS\VISUAL STUDIO 2010\PROJECTS\C程序\C程序\X64\DEBUG\指针与数组的关系.OBJ
C:\USERS\MRZHANG\DOCUMENTS\VISUAL STUDIO 2010\PROJECTS\C程序\C程序\X64\DEBUG\自减.OBJ
C:\USERS\MRZHANG\DOCUMENTS\VISUAL STUDIO 2010\PROJECTS\C程序\C程序\X64\DEBUG\自增和自减.OBJ
C:\USERS\MRZHANG\DOCUMENTS\VISUAL STUDIO 2010\PROJECTS\C程序\X64\DEBUG\C程序.EXE
C:\USERS\MRZHANG\DOCUMENTS\VISUAL STUDIO 2010\PROJECTS\C程序\X64\DEBUG\C程序.ILK
C:\USERS\MRZHANG\DOCUMENTS\VISUAL STUDIO 2010\PROJECTS\C程序\X64\DEBUG\C程序.PDB
